<?xml version="1.0" encoding="UTF-8"?>
<!-- Generated by org.testng.reporters.JUnitXMLReporter -->
<testsuite hostname="DESKTOP-M650RK9" ignored="2" name="Default test" tests="1" failures="0" timestamp="2020-07-01T13:02:55 IST" time="24.102" errors="0">
  <testcase name="verifyLoginPageTitleTest" time="5.242" classname="com.qa.hubspot.tests.LoginPageTest"/>
  <testcase name="doLogin" time="0.0" classname="com.qa.hubspot.tests.LoginPageTest">
    <ignored/>
  </testcase> <!-- doLogin -->
  <testcase name="verifySignUpLinkTest" time="0.0" classname="com.qa.hubspot.tests.LoginPageTest">
    <ignored/>
  </testcase> <!-- verifySignUpLinkTest -->
</testsuite> <!-- Default test -->
