<?xml version="1.0" encoding="UTF-8"?>
<!-- Generated by org.testng.reporters.JUnitXMLReporter -->
<testsuite hostname="DESKTOP-M650RK9" ignored="0" name="Default test" tests="2" failures="0" timestamp="2020-07-01T19:10:50 IST" time="73.412" errors="0">
  <testcase name="verifyContactsPageTitleTest" time="1.589" classname="com.qa.hubspot.tests.ContactsPageTest"/>
  <testcase name="createContactTest" time="17.57" classname="com.qa.hubspot.tests.ContactsPageTest"/>
</testsuite> <!-- Default test -->
