<?xml version="1.0" encoding="UTF-8"?>
<!-- Generated by org.testng.reporters.JUnitXMLReporter -->
<testsuite hostname="DESKTOP-M650RK9" ignored="0" name="Home Page Test" tests="3" failures="0" timestamp="2020-07-01T13:33:53 IST" time="42.121" errors="0">
  <testcase name="verifyHomePageTitle" time="0.103" classname="com.qa.hubspot.tests.HomePageTest"/>
  <testcase name="verifyHomePageHeader" time="2.74" classname="com.qa.hubspot.tests.HomePageTest"/>
  <testcase name="verifyLoggedInUserTest" time="0.185" classname="com.qa.hubspot.tests.HomePageTest"/>
</testsuite> <!-- Home Page Test -->
