<?xml version="1.0" encoding="UTF-8"?>
<!-- Generated by org.testng.reporters.JUnitXMLReporter -->
<testsuite hostname="DESKTOP-M650RK9" ignored="0" name="Hub Spot Functional Login Test" tests="3" failures="0" timestamp="2020-07-01T13:28:10 IST" time="25.702" errors="0">
  <testcase name="verifyLoginPageTitleTest" time="10.363" classname="com.qa.hubspot.tests.LoginPageTest"/>
  <testcase name="verifySignUpLinkTest" time="0.518" classname="com.qa.hubspot.tests.LoginPageTest"/>
  <testcase name="doLogin" time="2.548" classname="com.qa.hubspot.tests.LoginPageTest"/>
</testsuite> <!-- Hub Spot Functional Login Test -->
