<?xml version="1.0" encoding="UTF-8"?>
<!-- Generated by org.testng.reporters.JUnitXMLReporter -->
<testsuite hostname="DESKTOP-M650RK9" ignored="0" name="Login Page Test" tests="3" failures="0" timestamp="2020-07-02T20:48:14 IST" time="28.703" errors="0">
  <testcase name="verifyLoginPageTitleTest" time="5.923" classname="com.qa.hubspot.tests.LoginPageTest"/>
  <testcase name="verifySignUpLinkTest" time="3.657" classname="com.qa.hubspot.tests.LoginPageTest"/>
  <testcase name="doLogin" time="6.46" classname="com.qa.hubspot.tests.LoginPageTest"/>
</testsuite> <!-- Login Page Test -->
