<?xml version="1.0" encoding="UTF-8"?>
<!-- Generated by org.testng.reporters.JUnitXMLReporter -->
<testsuite hostname="DESKTOP-M650RK9" ignored="0" name="Login Page Test" tests="3" failures="0" timestamp="2020-07-01T15:53:26 IST" time="33.57" errors="0">
  <testcase name="verifyLoginPageTitleTest" time="6.094" classname="com.qa.hubspot.tests.LoginPageTest"/>
  <testcase name="verifySignUpLinkTest" time="0.797" classname="com.qa.hubspot.tests.LoginPageTest"/>
  <testcase name="doLogin" time="10.082" classname="com.qa.hubspot.tests.LoginPageTest"/>
</testsuite> <!-- Login Page Test -->
