<?xml version="1.0" encoding="UTF-8"?>
<testng-results skipped="0" failed="0" ignored="0" total="2" passed="2">
  <reporter-output>
  </reporter-output>
  <suite name="Default suite" duration-ms="73412" started-at="2020-07-01T19:09:37 IST" finished-at="2020-07-01T19:10:50 IST">
    <groups>
    </groups>
    <test name="Default test" duration-ms="73412" started-at="2020-07-01T19:09:37 IST" finished-at="2020-07-01T19:10:50 IST">
      <class name="com.qa.hubspot.tests.ContactsPageTest">
        <test-method status="PASS" signature="SetUp()[pri:0, instance:com.qa.hubspot.tests.ContactsPageTest@4493d195]" name="SetUp" is-config="true" duration-ms="12982" started-at="2020-07-01T19:09:37 IST" finished-at="2020-07-01T19:09:50 IST">
          <reporter-output>
          </reporter-output>
        </test-method> <!-- SetUp -->
        <test-method status="PASS" signature="contactsSetup()[pri:0, instance:com.qa.hubspot.tests.ContactsPageTest@4493d195]" name="contactsSetup" is-config="true" duration-ms="22246" started-at="2020-07-01T19:09:50 IST" finished-at="2020-07-01T19:10:12 IST">
          <reporter-output>
          </reporter-output>
        </test-method> <!-- contactsSetup -->
        <test-method status="PASS" signature="verifyContactsPageTitleTest()[pri:1, instance:com.qa.hubspot.tests.ContactsPageTest@4493d195]" name="verifyContactsPageTitleTest" duration-ms="1589" started-at="2020-07-01T19:10:12 IST" finished-at="2020-07-01T19:10:14 IST">
          <reporter-output>
          </reporter-output>
        </test-method> <!-- verifyContactsPageTitleTest -->
        <test-method status="PASS" signature="createContactTest()[pri:2, instance:com.qa.hubspot.tests.ContactsPageTest@4493d195]" name="createContactTest" duration-ms="17570" started-at="2020-07-01T19:10:14 IST" finished-at="2020-07-01T19:10:31 IST">
          <reporter-output>
          </reporter-output>
        </test-method> <!-- createContactTest -->
        <test-method status="PASS" signature="tearDown()[pri:0, instance:com.qa.hubspot.tests.ContactsPageTest@4493d195]" name="tearDown" is-config="true" duration-ms="18956" started-at="2020-07-01T19:10:31 IST" finished-at="2020-07-01T19:10:50 IST">
          <reporter-output>
          </reporter-output>
        </test-method> <!-- tearDown -->
      </class> <!-- com.qa.hubspot.tests.ContactsPageTest -->
    </test> <!-- Default test -->
  </suite> <!-- Default suite -->
</testng-results>
